[29-Aug-2025 16:21:43 Asia/Bangkok] PHP Fatal error:  Uncaught PDOException: SQLSTATE[42S22]: Column not found: 1054 Unknown column 'trainer_name' in 'field list' in C:\xampp\htdocs\pogopartyth-app-v1\api\user\update_avatar.php:73
Stack trace:
#0 C:\xampp\htdocs\pogopartyth-app-v1\api\user\update_avatar.php(73): PDOStatement->execute(Array)
#1 {main}
  thrown in C:\xampp\htdocs\pogopartyth-app-v1\api\user\update_avatar.php on line 73
[29-Aug-2025 16:21:51 Asia/Bangkok] PHP Fatal error:  Uncaught PDOException: SQLSTATE[42S22]: Column not found: 1054 Unknown column 'trainer_name' in 'field list' in C:\xampp\htdocs\pogopartyth-app-v1\api\user\update_profile.php:53
Stack trace:
#0 C:\xampp\htdocs\pogopartyth-app-v1\api\user\update_profile.php(53): PDOStatement->execute(Array)
#1 {main}
  thrown in C:\xampp\htdocs\pogopartyth-app-v1\api\user\update_profile.php on line 53
[29-Aug-2025 16:21:53 Asia/Bangkok] PHP Fatal error:  Uncaught PDOException: SQLSTATE[42S22]: Column not found: 1054 Unknown column 'trainer_name' in 'field list' in C:\xampp\htdocs\pogopartyth-app-v1\api\user\update_avatar.php:73
Stack trace:
#0 C:\xampp\htdocs\pogopartyth-app-v1\api\user\update_avatar.php(73): PDOStatement->execute(Array)
#1 {main}
  thrown in C:\xampp\htdocs\pogopartyth-app-v1\api\user\update_avatar.php on line 73
[29-Aug-2025 16:22:03 Asia/Bangkok] PHP Fatal error:  Uncaught PDOException: SQLSTATE[42S22]: Column not found: 1054 Unknown column 'trainer_name' in 'field list' in C:\xampp\htdocs\pogopartyth-app-v1\api\user\update_avatar.php:73
Stack trace:
#0 C:\xampp\htdocs\pogopartyth-app-v1\api\user\update_avatar.php(73): PDOStatement->execute(Array)
#1 {main}
  thrown in C:\xampp\htdocs\pogopartyth-app-v1\api\user\update_avatar.php on line 73
[29-Aug-2025 16:22:05 Asia/Bangkok] PHP Fatal error:  Uncaught PDOException: SQLSTATE[42S22]: Column not found: 1054 Unknown column 'trainer_name' in 'field list' in C:\xampp\htdocs\pogopartyth-app-v1\api\user\update_avatar.php:73
Stack trace:
#0 C:\xampp\htdocs\pogopartyth-app-v1\api\user\update_avatar.php(73): PDOStatement->execute(Array)
#1 {main}
  thrown in C:\xampp\htdocs\pogopartyth-app-v1\api\user\update_avatar.php on line 73
[29-Aug-2025 16:22:44 Asia/Bangkok] PHP Fatal error:  Uncaught PDOException: SQLSTATE[42S22]: Column not found: 1054 Unknown column 'trainer_name' in 'field list' in C:\xampp\htdocs\pogopartyth-app-v1\api\user\update_profile.php:46
Stack trace:
#0 C:\xampp\htdocs\pogopartyth-app-v1\api\user\update_profile.php(46): PDOStatement->execute(Array)
#1 {main}
  thrown in C:\xampp\htdocs\pogopartyth-app-v1\api\user\update_profile.php on line 46
[29-Aug-2025 16:22:55 Asia/Bangkok] PHP Fatal error:  Uncaught PDOException: SQLSTATE[42S22]: Column not found: 1054 Unknown column 'trainer_name' in 'field list' in C:\xampp\htdocs\pogopartyth-app-v1\api\user\update_profile.php:46
Stack trace:
#0 C:\xampp\htdocs\pogopartyth-app-v1\api\user\update_profile.php(46): PDOStatement->execute(Array)
#1 {main}
  thrown in C:\xampp\htdocs\pogopartyth-app-v1\api\user\update_profile.php on line 46
[29-Aug-2025 16:23:19 Asia/Bangkok] PHP Fatal error:  Uncaught PDOException: SQLSTATE[42S22]: Column not found: 1054 Unknown column 'trainer_name' in 'field list' in C:\xampp\htdocs\pogopartyth-app-v1\api\user\update_profile.php:53
Stack trace:
#0 C:\xampp\htdocs\pogopartyth-app-v1\api\user\update_profile.php(53): PDOStatement->execute(Array)
#1 {main}
  thrown in C:\xampp\htdocs\pogopartyth-app-v1\api\user\update_profile.php on line 53
[29-Aug-2025 16:26:13 Asia/Bangkok] PHP Fatal error:  Uncaught PDOException: SQLSTATE[42S22]: Column not found: 1054 Unknown column 'trainer_name' in 'field list' in C:\xampp\htdocs\pogopartyth-app-v1\api\auth\update_profile.php:53
Stack trace:
#0 C:\xampp\htdocs\pogopartyth-app-v1\api\auth\update_profile.php(53): PDOStatement->execute(Array)
#1 {main}
  thrown in C:\xampp\htdocs\pogopartyth-app-v1\api\auth\update_profile.php on line 53
[29-Aug-2025 16:26:18 Asia/Bangkok] PHP Fatal error:  Uncaught PDOException: SQLSTATE[42S22]: Column not found: 1054 Unknown column 'trainer_name' in 'field list' in C:\xampp\htdocs\pogopartyth-app-v1\api\auth\update_profile.php:46
Stack trace:
#0 C:\xampp\htdocs\pogopartyth-app-v1\api\auth\update_profile.php(46): PDOStatement->execute(Array)
#1 {main}
  thrown in C:\xampp\htdocs\pogopartyth-app-v1\api\auth\update_profile.php on line 46
[29-Aug-2025 16:28:39 Asia/Bangkok] PHP Fatal error:  Uncaught PDOException: SQLSTATE[42S22]: Column not found: 1054 Unknown column 'trainer_name' in 'field list' in C:\xampp\htdocs\pogopartyth-app-v1\api\auth\update_profile.php:46
Stack trace:
#0 C:\xampp\htdocs\pogopartyth-app-v1\api\auth\update_profile.php(46): PDOStatement->execute(Array)
#1 {main}
  thrown in C:\xampp\htdocs\pogopartyth-app-v1\api\auth\update_profile.php on line 46
[29-Aug-2025 16:28:52 Asia/Bangkok] PHP Fatal error:  Uncaught PDOException: SQLSTATE[42S22]: Column not found: 1054 Unknown column 'trainer_name' in 'field list' in C:\xampp\htdocs\pogopartyth-app-v1\api\auth\update_profile.php:46
Stack trace:
#0 C:\xampp\htdocs\pogopartyth-app-v1\api\auth\update_profile.php(46): PDOStatement->execute(Array)
#1 {main}
  thrown in C:\xampp\htdocs\pogopartyth-app-v1\api\auth\update_profile.php on line 46
[29-Aug-2025 16:30:58 Asia/Bangkok] PHP Fatal error:  Uncaught PDOException: SQLSTATE[42S22]: Column not found: 1054 Unknown column 'trainer_name' in 'field list' in C:\xampp\htdocs\pogopartyth-app-v1\api\auth\update_profile.php:53
Stack trace:
#0 C:\xampp\htdocs\pogopartyth-app-v1\api\auth\update_profile.php(53): PDOStatement->execute(Array)
#1 {main}
  thrown in C:\xampp\htdocs\pogopartyth-app-v1\api\auth\update_profile.php on line 53
[29-Aug-2025 16:31:25 Asia/Bangkok] PHP Fatal error:  Uncaught PDOException: SQLSTATE[42S22]: Column not found: 1054 Unknown column 'trainer_name' in 'field list' in C:\xampp\htdocs\pogopartyth-app-v1\api\auth\update_avatar.php:73
Stack trace:
#0 C:\xampp\htdocs\pogopartyth-app-v1\api\auth\update_avatar.php(73): PDOStatement->execute(Array)
#1 {main}
  thrown in C:\xampp\htdocs\pogopartyth-app-v1\api\auth\update_avatar.php on line 73
[29-Aug-2025 16:34:43 Asia/Bangkok] PHP Fatal error:  Uncaught PDOException: SQLSTATE[42S22]: Column not found: 1054 Unknown column 'trainer_name' in 'field list' in C:\xampp\htdocs\pogopartyth-app-v1\api\auth\update_avatar.php:73
Stack trace:
#0 C:\xampp\htdocs\pogopartyth-app-v1\api\auth\update_avatar.php(73): PDOStatement->execute(Array)
#1 {main}
  thrown in C:\xampp\htdocs\pogopartyth-app-v1\api\auth\update_avatar.php on line 73
[30-Aug-2025 04:28:00 Asia/Bangkok] PHP Fatal error:  Uncaught PDOException: SQLSTATE[42000]: Syntax error or access violation: 1064 You have an error in your SQL syntax; check the manual that corresponds to your MariaDB server version for the right syntax to use near 'WHERE id = '3'' at line 3 in C:\xampp\htdocs\pogopartyth-app-v1\api\auth\update_device_token.php:26
Stack trace:
#0 C:\xampp\htdocs\pogopartyth-app-v1\api\auth\update_device_token.php(26): PDOStatement->execute(Array)
#1 {main}
  thrown in C:\xampp\htdocs\pogopartyth-app-v1\api\auth\update_device_token.php on line 26
[30-Aug-2025 17:35:53 Asia/Bangkok] PHP Warning:  Undefined array key "pokemin_tier" in C:\xampp\htdocs\pogopartyth-app-v1\api\raid_boss\get_raid_boss.php on line 75
[30-Aug-2025 17:35:53 Asia/Bangkok] PHP Warning:  Undefined array key "pokemin_tier" in C:\xampp\htdocs\pogopartyth-app-v1\api\raid_boss\get_raid_boss.php on line 75
[30-Aug-2025 17:35:53 Asia/Bangkok] PHP Warning:  Undefined array key "pokemin_tier" in C:\xampp\htdocs\pogopartyth-app-v1\api\raid_boss\get_raid_boss.php on line 75
[30-Aug-2025 17:35:53 Asia/Bangkok] PHP Warning:  Undefined array key "pokemin_tier" in C:\xampp\htdocs\pogopartyth-app-v1\api\raid_boss\get_raid_boss.php on line 75
[30-Aug-2025 17:35:57 Asia/Bangkok] PHP Warning:  Undefined array key "pokemin_tier" in C:\xampp\htdocs\pogopartyth-app-v1\api\raid_boss\get_raid_boss.php on line 75
[30-Aug-2025 17:35:57 Asia/Bangkok] PHP Warning:  Undefined array key "pokemin_tier" in C:\xampp\htdocs\pogopartyth-app-v1\api\raid_boss\get_raid_boss.php on line 75
[30-Aug-2025 17:35:58 Asia/Bangkok] PHP Warning:  Undefined array key "pokemin_tier" in C:\xampp\htdocs\pogopartyth-app-v1\api\raid_boss\get_raid_boss.php on line 75
[30-Aug-2025 17:35:58 Asia/Bangkok] PHP Warning:  Undefined array key "pokemin_tier" in C:\xampp\htdocs\pogopartyth-app-v1\api\raid_boss\get_raid_boss.php on line 75
[30-Aug-2025 17:36:12 Asia/Bangkok] PHP Warning:  Undefined array key "pokemin_tier" in C:\xampp\htdocs\pogopartyth-app-v1\api\raid_boss\get_raid_boss.php on line 75
[30-Aug-2025 17:36:12 Asia/Bangkok] PHP Warning:  Undefined array key "pokemin_tier" in C:\xampp\htdocs\pogopartyth-app-v1\api\raid_boss\get_raid_boss.php on line 75
[30-Aug-2025 17:36:14 Asia/Bangkok] PHP Warning:  Undefined array key "pokemin_tier" in C:\xampp\htdocs\pogopartyth-app-v1\api\raid_boss\get_raid_boss.php on line 75
[30-Aug-2025 17:36:14 Asia/Bangkok] PHP Warning:  Undefined array key "pokemin_tier" in C:\xampp\htdocs\pogopartyth-app-v1\api\raid_boss\get_raid_boss.php on line 75
[30-Aug-2025 17:36:18 Asia/Bangkok] PHP Warning:  Undefined array key "pokemin_tier" in C:\xampp\htdocs\pogopartyth-app-v1\api\raid_boss\get_raid_boss.php on line 75
[30-Aug-2025 17:36:18 Asia/Bangkok] PHP Warning:  Undefined array key "pokemin_tier" in C:\xampp\htdocs\pogopartyth-app-v1\api\raid_boss\get_raid_boss.php on line 75
[30-Aug-2025 17:36:30 Asia/Bangkok] PHP Warning:  Undefined array key "pokemin_tier" in C:\xampp\htdocs\pogopartyth-app-v1\api\raid_boss\get_raid_boss.php on line 75
[30-Aug-2025 17:36:30 Asia/Bangkok] PHP Warning:  Undefined array key "pokemin_tier" in C:\xampp\htdocs\pogopartyth-app-v1\api\raid_boss\get_raid_boss.php on line 75
[30-Aug-2025 17:36:35 Asia/Bangkok] PHP Warning:  Undefined array key "pokemin_tier" in C:\xampp\htdocs\pogopartyth-app-v1\api\raid_boss\get_raid_boss.php on line 75
[30-Aug-2025 17:36:35 Asia/Bangkok] PHP Warning:  Undefined array key "pokemin_tier" in C:\xampp\htdocs\pogopartyth-app-v1\api\raid_boss\get_raid_boss.php on line 75
[30-Aug-2025 17:36:38 Asia/Bangkok] PHP Warning:  Undefined array key "pokemin_tier" in C:\xampp\htdocs\pogopartyth-app-v1\api\raid_boss\get_raid_boss.php on line 75
[30-Aug-2025 17:36:38 Asia/Bangkok] PHP Warning:  Undefined array key "pokemin_tier" in C:\xampp\htdocs\pogopartyth-app-v1\api\raid_boss\get_raid_boss.php on line 75
[31-Aug-2025 10:47:44 Asia/Bangkok] PHP Warning:  Undefined array key "pokemin_tier" in C:\xampp\htdocs\pogopartyth-app-v1\api\raid_boss\get_raid_boss.php on line 75
[31-Aug-2025 10:47:44 Asia/Bangkok] PHP Warning:  Undefined array key "pokemin_tier" in C:\xampp\htdocs\pogopartyth-app-v1\api\raid_boss\get_raid_boss.php on line 75
[31-Aug-2025 10:47:44 Asia/Bangkok] PHP Warning:  Undefined array key "pokemin_tier" in C:\xampp\htdocs\pogopartyth-app-v1\api\raid_boss\get_raid_boss.php on line 75
[31-Aug-2025 10:47:44 Asia/Bangkok] PHP Warning:  Undefined array key "pokemin_tier" in C:\xampp\htdocs\pogopartyth-app-v1\api\raid_boss\get_raid_boss.php on line 75
[31-Aug-2025 10:48:06 Asia/Bangkok] PHP Warning:  Undefined array key "pokemin_tier" in C:\xampp\htdocs\pogopartyth-app-v1\api\raid_boss\get_raid_boss.php on line 75
[31-Aug-2025 10:48:07 Asia/Bangkok] PHP Warning:  Undefined array key "pokemin_tier" in C:\xampp\htdocs\pogopartyth-app-v1\api\raid_boss\get_raid_boss.php on line 75
[31-Aug-2025 10:48:07 Asia/Bangkok] PHP Warning:  Undefined array key "pokemin_tier" in C:\xampp\htdocs\pogopartyth-app-v1\api\raid_boss\get_raid_boss.php on line 75
[31-Aug-2025 10:48:08 Asia/Bangkok] PHP Warning:  Undefined array key "pokemin_tier" in C:\xampp\htdocs\pogopartyth-app-v1\api\raid_boss\get_raid_boss.php on line 75
[31-Aug-2025 10:48:08 Asia/Bangkok] PHP Warning:  Undefined array key "pokemin_tier" in C:\xampp\htdocs\pogopartyth-app-v1\api\raid_boss\get_raid_boss.php on line 75
[31-Aug-2025 10:48:10 Asia/Bangkok] PHP Warning:  Undefined array key "pokemin_tier" in C:\xampp\htdocs\pogopartyth-app-v1\api\raid_boss\get_raid_boss.php on line 75
[31-Aug-2025 10:48:10 Asia/Bangkok] PHP Warning:  Undefined array key "pokemin_tier" in C:\xampp\htdocs\pogopartyth-app-v1\api\raid_boss\get_raid_boss.php on line 75
[31-Aug-2025 10:48:12 Asia/Bangkok] PHP Warning:  Undefined array key "pokemin_tier" in C:\xampp\htdocs\pogopartyth-app-v1\api\raid_boss\get_raid_boss.php on line 75
[31-Aug-2025 10:48:12 Asia/Bangkok] PHP Warning:  Undefined array key "pokemin_tier" in C:\xampp\htdocs\pogopartyth-app-v1\api\raid_boss\get_raid_boss.php on line 75
[31-Aug-2025 10:49:39 Asia/Bangkok] PHP Warning:  Undefined array key "pokemin_tier" in C:\xampp\htdocs\pogopartyth-app-v1\api\raid_boss\get_raid_boss.php on line 75
[31-Aug-2025 10:49:39 Asia/Bangkok] PHP Warning:  Undefined array key "pokemin_tier" in C:\xampp\htdocs\pogopartyth-app-v1\api\raid_boss\get_raid_boss.php on line 75
[31-Aug-2025 11:32:59 Asia/Bangkok] PHP Fatal error:  Uncaught TypeError: trim(): Argument #1 ($string) must be of type string, int given in C:\xampp\htdocs\pogopartyth-app-v1\api\raid\create.php:21
Stack trace:
#0 C:\xampp\htdocs\pogopartyth-app-v1\api\raid\create.php(21): trim(3)
#1 {main}
  thrown in C:\xampp\htdocs\pogopartyth-app-v1\api\raid\create.php on line 21
[31-Aug-2025 11:33:05 Asia/Bangkok] PHP Fatal error:  Uncaught TypeError: trim(): Argument #1 ($string) must be of type string, int given in C:\xampp\htdocs\pogopartyth-app-v1\api\raid\create.php:21
Stack trace:
#0 C:\xampp\htdocs\pogopartyth-app-v1\api\raid\create.php(21): trim(3)
#1 {main}
  thrown in C:\xampp\htdocs\pogopartyth-app-v1\api\raid\create.php on line 21
[31-Aug-2025 16:35:22 Asia/Bangkok] PHP Fatal error:  Uncaught PDOException: SQLSTATE[42000]: Syntax error or access violation: 1064 You have an error in your SQL syntax; check the manual that corresponds to your MariaDB server version for the right syntax to use near 'JOIN raid_boss rb ON rb.id = r.raid_boss_id
WHERE r.status = 'active' AND r....' at line 18 in C:\xampp\htdocs\pogopartyth-app-v1\api\raid\list.php:136
Stack trace:
#0 C:\xampp\htdocs\pogopartyth-app-v1\api\raid\list.php(136): PDOStatement->execute()
#1 {main}
  thrown in C:\xampp\htdocs\pogopartyth-app-v1\api\raid\list.php on line 136
[31-Aug-2025 17:05:19 Asia/Bangkok] PHP Fatal error:  Uncaught PDOException: SQLSTATE[42S22]: Column not found: 1054 Unknown column 'close' in 'where clause' in C:\xampp\htdocs\pogopartyth-app-v1\api\raid\my_rooms.php:73
Stack trace:
#0 C:\xampp\htdocs\pogopartyth-app-v1\api\raid\my_rooms.php(73): PDOStatement->execute()
#1 {main}
  thrown in C:\xampp\htdocs\pogopartyth-app-v1\api\raid\my_rooms.php on line 73
[31-Aug-2025 17:05:19 Asia/Bangkok] PHP Fatal error:  Uncaught PDOException: SQLSTATE[42S22]: Column not found: 1054 Unknown column 'close' in 'where clause' in C:\xampp\htdocs\pogopartyth-app-v1\api\raid\my_rooms.php:73
Stack trace:
#0 C:\xampp\htdocs\pogopartyth-app-v1\api\raid\my_rooms.php(73): PDOStatement->execute()
#1 {main}
  thrown in C:\xampp\htdocs\pogopartyth-app-v1\api\raid\my_rooms.php on line 73
[31-Aug-2025 17:05:21 Asia/Bangkok] PHP Fatal error:  Uncaught PDOException: SQLSTATE[42S22]: Column not found: 1054 Unknown column 'close' in 'where clause' in C:\xampp\htdocs\pogopartyth-app-v1\api\raid\my_rooms.php:73
Stack trace:
#0 C:\xampp\htdocs\pogopartyth-app-v1\api\raid\my_rooms.php(73): PDOStatement->execute()
#1 {main}
  thrown in C:\xampp\htdocs\pogopartyth-app-v1\api\raid\my_rooms.php on line 73
[31-Aug-2025 17:05:21 Asia/Bangkok] PHP Fatal error:  Uncaught PDOException: SQLSTATE[42S22]: Column not found: 1054 Unknown column 'close' in 'where clause' in C:\xampp\htdocs\pogopartyth-app-v1\api\raid\my_rooms.php:73
Stack trace:
#0 C:\xampp\htdocs\pogopartyth-app-v1\api\raid\my_rooms.php(73): PDOStatement->execute()
#1 {main}
  thrown in C:\xampp\htdocs\pogopartyth-app-v1\api\raid\my_rooms.php on line 73
[31-Aug-2025 17:05:22 Asia/Bangkok] PHP Fatal error:  Uncaught PDOException: SQLSTATE[42S22]: Column not found: 1054 Unknown column 'close' in 'where clause' in C:\xampp\htdocs\pogopartyth-app-v1\api\raid\my_rooms.php:73
Stack trace:
#0 C:\xampp\htdocs\pogopartyth-app-v1\api\raid\my_rooms.php(73): PDOStatement->execute()
#1 {main}
  thrown in C:\xampp\htdocs\pogopartyth-app-v1\api\raid\my_rooms.php on line 73
[31-Aug-2025 17:05:22 Asia/Bangkok] PHP Fatal error:  Uncaught PDOException: SQLSTATE[42S22]: Column not found: 1054 Unknown column 'close' in 'where clause' in C:\xampp\htdocs\pogopartyth-app-v1\api\raid\my_rooms.php:73
Stack trace:
#0 C:\xampp\htdocs\pogopartyth-app-v1\api\raid\my_rooms.php(73): PDOStatement->execute()
#1 {main}
  thrown in C:\xampp\htdocs\pogopartyth-app-v1\api\raid\my_rooms.php on line 73
[31-Aug-2025 17:05:23 Asia/Bangkok] PHP Fatal error:  Uncaught PDOException: SQLSTATE[42S22]: Column not found: 1054 Unknown column 'close' in 'where clause' in C:\xampp\htdocs\pogopartyth-app-v1\api\raid\my_rooms.php:73
Stack trace:
#0 C:\xampp\htdocs\pogopartyth-app-v1\api\raid\my_rooms.php(73): PDOStatement->execute()
#1 {main}
  thrown in C:\xampp\htdocs\pogopartyth-app-v1\api\raid\my_rooms.php on line 73
[31-Aug-2025 17:05:26 Asia/Bangkok] PHP Fatal error:  Uncaught PDOException: SQLSTATE[42S22]: Column not found: 1054 Unknown column 'close' in 'where clause' in C:\xampp\htdocs\pogopartyth-app-v1\api\raid\my_rooms.php:73
Stack trace:
#0 C:\xampp\htdocs\pogopartyth-app-v1\api\raid\my_rooms.php(73): PDOStatement->execute()
#1 {main}
  thrown in C:\xampp\htdocs\pogopartyth-app-v1\api\raid\my_rooms.php on line 73
[31-Aug-2025 17:05:26 Asia/Bangkok] PHP Fatal error:  Uncaught PDOException: SQLSTATE[42S22]: Column not found: 1054 Unknown column 'close' in 'where clause' in C:\xampp\htdocs\pogopartyth-app-v1\api\raid\my_rooms.php:73
Stack trace:
#0 C:\xampp\htdocs\pogopartyth-app-v1\api\raid\my_rooms.php(73): PDOStatement->execute()
#1 {main}
  thrown in C:\xampp\htdocs\pogopartyth-app-v1\api\raid\my_rooms.php on line 73
[31-Aug-2025 17:05:28 Asia/Bangkok] PHP Fatal error:  Uncaught PDOException: SQLSTATE[42S22]: Column not found: 1054 Unknown column 'close' in 'where clause' in C:\xampp\htdocs\pogopartyth-app-v1\api\raid\my_rooms.php:73
Stack trace:
#0 C:\xampp\htdocs\pogopartyth-app-v1\api\raid\my_rooms.php(73): PDOStatement->execute()
#1 {main}
  thrown in C:\xampp\htdocs\pogopartyth-app-v1\api\raid\my_rooms.php on line 73
[31-Aug-2025 17:05:28 Asia/Bangkok] PHP Fatal error:  Uncaught PDOException: SQLSTATE[42S22]: Column not found: 1054 Unknown column 'close' in 'where clause' in C:\xampp\htdocs\pogopartyth-app-v1\api\raid\my_rooms.php:73
Stack trace:
#0 C:\xampp\htdocs\pogopartyth-app-v1\api\raid\my_rooms.php(73): PDOStatement->execute()
#1 {main}
  thrown in C:\xampp\htdocs\pogopartyth-app-v1\api\raid\my_rooms.php on line 73
[01-Sep-2025 22:33:10 Asia/Bangkok] PHP Fatal error:  Uncaught TypeError: trim(): Argument #1 ($string) must be of type string, int given in C:\xampp\htdocs\pogopartyth-app-v1\api\auth\register.php:18
Stack trace:
#0 C:\xampp\htdocs\pogopartyth-app-v1\api\auth\register.php(18): trim(46)
#1 {main}
  thrown in C:\xampp\htdocs\pogopartyth-app-v1\api\auth\register.php on line 18
[01-Sep-2025 22:33:13 Asia/Bangkok] PHP Fatal error:  Uncaught TypeError: trim(): Argument #1 ($string) must be of type string, int given in C:\xampp\htdocs\pogopartyth-app-v1\api\auth\register.php:18
Stack trace:
#0 C:\xampp\htdocs\pogopartyth-app-v1\api\auth\register.php(18): trim(46)
#1 {main}
  thrown in C:\xampp\htdocs\pogopartyth-app-v1\api\auth\register.php on line 18
[01-Sep-2025 22:33:28 Asia/Bangkok] PHP Fatal error:  Uncaught TypeError: trim(): Argument #1 ($string) must be of type string, int given in C:\xampp\htdocs\pogopartyth-app-v1\api\auth\register.php:18
Stack trace:
#0 C:\xampp\htdocs\pogopartyth-app-v1\api\auth\register.php(18): trim(46)
#1 {main}
  thrown in C:\xampp\htdocs\pogopartyth-app-v1\api\auth\register.php on line 18
[01-Sep-2025 22:33:30 Asia/Bangkok] PHP Fatal error:  Uncaught TypeError: trim(): Argument #1 ($string) must be of type string, int given in C:\xampp\htdocs\pogopartyth-app-v1\api\auth\register.php:18
Stack trace:
#0 C:\xampp\htdocs\pogopartyth-app-v1\api\auth\register.php(18): trim(46)
#1 {main}
  thrown in C:\xampp\htdocs\pogopartyth-app-v1\api\auth\register.php on line 18
[01-Sep-2025 22:35:11 Asia/Bangkok] PHP Fatal error:  Uncaught TypeError: trim(): Argument #1 ($string) must be of type string, int given in C:\xampp\htdocs\pogopartyth-app-v1\api\auth\register.php:18
Stack trace:
#0 C:\xampp\htdocs\pogopartyth-app-v1\api\auth\register.php(18): trim(46)
#1 {main}
  thrown in C:\xampp\htdocs\pogopartyth-app-v1\api\auth\register.php on line 18
[01-Sep-2025 22:35:12 Asia/Bangkok] PHP Fatal error:  Uncaught TypeError: trim(): Argument #1 ($string) must be of type string, int given in C:\xampp\htdocs\pogopartyth-app-v1\api\auth\register.php:18
Stack trace:
#0 C:\xampp\htdocs\pogopartyth-app-v1\api\auth\register.php(18): trim(46)
#1 {main}
  thrown in C:\xampp\htdocs\pogopartyth-app-v1\api\auth\register.php on line 18
[01-Sep-2025 22:35:13 Asia/Bangkok] PHP Fatal error:  Uncaught TypeError: trim(): Argument #1 ($string) must be of type string, int given in C:\xampp\htdocs\pogopartyth-app-v1\api\auth\register.php:18
Stack trace:
#0 C:\xampp\htdocs\pogopartyth-app-v1\api\auth\register.php(18): trim(46)
#1 {main}
  thrown in C:\xampp\htdocs\pogopartyth-app-v1\api\auth\register.php on line 18
[01-Sep-2025 22:37:10 Asia/Bangkok] PHP Fatal error:  Uncaught TypeError: trim(): Argument #1 ($string) must be of type string, int given in C:\xampp\htdocs\pogopartyth-app-v1\api\auth\register.php:18
Stack trace:
#0 C:\xampp\htdocs\pogopartyth-app-v1\api\auth\register.php(18): trim(50)
#1 {main}
  thrown in C:\xampp\htdocs\pogopartyth-app-v1\api\auth\register.php on line 18
[01-Sep-2025 22:37:12 Asia/Bangkok] PHP Fatal error:  Uncaught TypeError: trim(): Argument #1 ($string) must be of type string, int given in C:\xampp\htdocs\pogopartyth-app-v1\api\auth\register.php:18
Stack trace:
#0 C:\xampp\htdocs\pogopartyth-app-v1\api\auth\register.php(18): trim(50)
#1 {main}
  thrown in C:\xampp\htdocs\pogopartyth-app-v1\api\auth\register.php on line 18
[01-Sep-2025 22:40:25 Asia/Bangkok] PHP Fatal error:  Uncaught TypeError: trim(): Argument #1 ($string) must be of type string, int given in C:\xampp\htdocs\pogopartyth-app-v1\api\auth\register.php:18
Stack trace:
#0 C:\xampp\htdocs\pogopartyth-app-v1\api\auth\register.php(18): trim(40)
#1 {main}
  thrown in C:\xampp\htdocs\pogopartyth-app-v1\api\auth\register.php on line 18
[01-Sep-2025 22:43:41 Asia/Bangkok] PHP Fatal error:  Uncaught TypeError: trim(): Argument #1 ($string) must be of type string, int given in C:\xampp\htdocs\pogopartyth-app-v1\api\auth\register.php:18
Stack trace:
#0 C:\xampp\htdocs\pogopartyth-app-v1\api\auth\register.php(18): trim(40)
#1 {main}
  thrown in C:\xampp\htdocs\pogopartyth-app-v1\api\auth\register.php on line 18
[01-Sep-2025 22:44:19 Asia/Bangkok] PHP Fatal error:  Uncaught TypeError: trim(): Argument #1 ($string) must be of type string, int given in C:\xampp\htdocs\pogopartyth-app-v1\api\auth\register.php:18
Stack trace:
#0 C:\xampp\htdocs\pogopartyth-app-v1\api\auth\register.php(18): trim(40)
#1 {main}
  thrown in C:\xampp\htdocs\pogopartyth-app-v1\api\auth\register.php on line 18
[01-Sep-2025 23:59:34 Asia/Bangkok] PHP Fatal error:  Uncaught PDOException: SQLSTATE[42000]: Syntax error or access violation: 1064 You have an error in your SQL syntax; check the manual that corresponds to your MariaDB server version for the right syntax to use near 'u.level 
  FROM raid_rooms r
  JOIN users u ON u.id = r.owner_id
  WHERE r...' at line 6 in C:\xampp\htdocs\pogopartyth-app-v1\api\raid\get_room.php:48
Stack trace:
#0 C:\xampp\htdocs\pogopartyth-app-v1\api\raid\get_room.php(48): PDOStatement->execute(Array)
#1 {main}
  thrown in C:\xampp\htdocs\pogopartyth-app-v1\api\raid\get_room.php on line 48
[01-Sep-2025 23:59:34 Asia/Bangkok] PHP Fatal error:  Uncaught PDOException: SQLSTATE[42000]: Syntax error or access violation: 1064 You have an error in your SQL syntax; check the manual that corresponds to your MariaDB server version for the right syntax to use near 'u.level 
  FROM raid_rooms r
  JOIN users u ON u.id = r.owner_id
  WHERE r...' at line 6 in C:\xampp\htdocs\pogopartyth-app-v1\api\raid\get_room.php:48
Stack trace:
#0 C:\xampp\htdocs\pogopartyth-app-v1\api\raid\get_room.php(48): PDOStatement->execute(Array)
#1 {main}
  thrown in C:\xampp\htdocs\pogopartyth-app-v1\api\raid\get_room.php on line 48
[01-Sep-2025 23:59:34 Asia/Bangkok] PHP Fatal error:  Uncaught PDOException: SQLSTATE[42000]: Syntax error or access violation: 1064 You have an error in your SQL syntax; check the manual that corresponds to your MariaDB server version for the right syntax to use near 'u.level 
  FROM raid_rooms r
  JOIN users u ON u.id = r.owner_id
  WHERE r...' at line 6 in C:\xampp\htdocs\pogopartyth-app-v1\api\raid\get_room.php:48
Stack trace:
#0 C:\xampp\htdocs\pogopartyth-app-v1\api\raid\get_room.php(48): PDOStatement->execute(Array)
#1 {main}
  thrown in C:\xampp\htdocs\pogopartyth-app-v1\api\raid\get_room.php on line 48
[01-Sep-2025 23:59:37 Asia/Bangkok] PHP Fatal error:  Uncaught PDOException: SQLSTATE[42000]: Syntax error or access violation: 1064 You have an error in your SQL syntax; check the manual that corresponds to your MariaDB server version for the right syntax to use near 'u.level AS 
  FROM raid_rooms r
  JOIN users u ON u.id = r.owner_id
  WHER...' at line 6 in C:\xampp\htdocs\pogopartyth-app-v1\api\raid\get_room.php:48
Stack trace:
#0 C:\xampp\htdocs\pogopartyth-app-v1\api\raid\get_room.php(48): PDOStatement->execute(Array)
#1 {main}
  thrown in C:\xampp\htdocs\pogopartyth-app-v1\api\raid\get_room.php on line 48
[01-Sep-2025 23:59:37 Asia/Bangkok] PHP Fatal error:  Uncaught PDOException: SQLSTATE[42000]: Syntax error or access violation: 1064 You have an error in your SQL syntax; check the manual that corresponds to your MariaDB server version for the right syntax to use near 'u.level AS 
  FROM raid_rooms r
  JOIN users u ON u.id = r.owner_id
  WHER...' at line 6 in C:\xampp\htdocs\pogopartyth-app-v1\api\raid\get_room.php:48
Stack trace:
#0 C:\xampp\htdocs\pogopartyth-app-v1\api\raid\get_room.php(48): PDOStatement->execute(Array)
#1 {main}
  thrown in C:\xampp\htdocs\pogopartyth-app-v1\api\raid\get_room.php on line 48
[01-Sep-2025 23:59:40 Asia/Bangkok] PHP Fatal error:  Uncaught PDOException: SQLSTATE[42000]: Syntax error or access violation: 1064 You have an error in your SQL syntax; check the manual that corresponds to your MariaDB server version for the right syntax to use near 'u.level AS 
  FROM raid_rooms r
  JOIN users u ON u.id = r.owner_id
  WHER...' at line 6 in C:\xampp\htdocs\pogopartyth-app-v1\api\raid\get_room.php:48
Stack trace:
#0 C:\xampp\htdocs\pogopartyth-app-v1\api\raid\get_room.php(48): PDOStatement->execute(Array)
#1 {main}
  thrown in C:\xampp\htdocs\pogopartyth-app-v1\api\raid\get_room.php on line 48
[01-Sep-2025 23:59:40 Asia/Bangkok] PHP Fatal error:  Uncaught PDOException: SQLSTATE[42000]: Syntax error or access violation: 1064 You have an error in your SQL syntax; check the manual that corresponds to your MariaDB server version for the right syntax to use near 'u.level AS 
  FROM raid_rooms r
  JOIN users u ON u.id = r.owner_id
  WHER...' at line 6 in C:\xampp\htdocs\pogopartyth-app-v1\api\raid\get_room.php:48
Stack trace:
#0 C:\xampp\htdocs\pogopartyth-app-v1\api\raid\get_room.php(48): PDOStatement->execute(Array)
#1 {main}
  thrown in C:\xampp\htdocs\pogopartyth-app-v1\api\raid\get_room.php on line 48
[01-Sep-2025 23:59:43 Asia/Bangkok] PHP Fatal error:  Uncaught PDOException: SQLSTATE[42000]: Syntax error or access violation: 1064 You have an error in your SQL syntax; check the manual that corresponds to your MariaDB server version for the right syntax to use near 'u.level AS owner
  FROM raid_rooms r
  JOIN users u ON u.id = r.owner_id
 ...' at line 6 in C:\xampp\htdocs\pogopartyth-app-v1\api\raid\get_room.php:48
Stack trace:
#0 C:\xampp\htdocs\pogopartyth-app-v1\api\raid\get_room.php(48): PDOStatement->execute(Array)
#1 {main}
  thrown in C:\xampp\htdocs\pogopartyth-app-v1\api\raid\get_room.php on line 48
[01-Sep-2025 23:59:43 Asia/Bangkok] PHP Fatal error:  Uncaught PDOException: SQLSTATE[42000]: Syntax error or access violation: 1064 You have an error in your SQL syntax; check the manual that corresponds to your MariaDB server version for the right syntax to use near 'u.level AS owner
  FROM raid_rooms r
  JOIN users u ON u.id = r.owner_id
 ...' at line 6 in C:\xampp\htdocs\pogopartyth-app-v1\api\raid\get_room.php:48
Stack trace:
#0 C:\xampp\htdocs\pogopartyth-app-v1\api\raid\get_room.php(48): PDOStatement->execute(Array)
#1 {main}
  thrown in C:\xampp\htdocs\pogopartyth-app-v1\api\raid\get_room.php on line 48
[01-Sep-2025 23:59:46 Asia/Bangkok] PHP Fatal error:  Uncaught PDOException: SQLSTATE[42000]: Syntax error or access violation: 1064 You have an error in your SQL syntax; check the manual that corresponds to your MariaDB server version for the right syntax to use near 'u.level AS owner_level
  FROM raid_rooms r
  JOIN users u ON u.id = r.owner...' at line 6 in C:\xampp\htdocs\pogopartyth-app-v1\api\raid\get_room.php:48
Stack trace:
#0 C:\xampp\htdocs\pogopartyth-app-v1\api\raid\get_room.php(48): PDOStatement->execute(Array)
#1 {main}
  thrown in C:\xampp\htdocs\pogopartyth-app-v1\api\raid\get_room.php on line 48
[01-Sep-2025 23:59:46 Asia/Bangkok] PHP Fatal error:  Uncaught PDOException: SQLSTATE[42000]: Syntax error or access violation: 1064 You have an error in your SQL syntax; check the manual that corresponds to your MariaDB server version for the right syntax to use near 'u.level AS owner_level
  FROM raid_rooms r
  JOIN users u ON u.id = r.owner...' at line 6 in C:\xampp\htdocs\pogopartyth-app-v1\api\raid\get_room.php:48
Stack trace:
#0 C:\xampp\htdocs\pogopartyth-app-v1\api\raid\get_room.php(48): PDOStatement->execute(Array)
#1 {main}
  thrown in C:\xampp\htdocs\pogopartyth-app-v1\api\raid\get_room.php on line 48
[02-Sep-2025 00:00:26 Asia/Bangkok] PHP Fatal error:  Uncaught PDOException: SQLSTATE[42000]: Syntax error or access violation: 1064 You have an error in your SQL syntax; check the manual that corresponds to your MariaDB server version for the right syntax to use near 'u.level AS owner_level
  FROM user_raid_rooms ur
  JOIN users uu ON uu.id =...' at line 8 in C:\xampp\htdocs\pogopartyth-app-v1\api\raid\get_room.php:76
Stack trace:
#0 C:\xampp\htdocs\pogopartyth-app-v1\api\raid\get_room.php(76): PDOStatement->execute(Array)
#1 {main}
  thrown in C:\xampp\htdocs\pogopartyth-app-v1\api\raid\get_room.php on line 76
[02-Sep-2025 00:00:28 Asia/Bangkok] PHP Fatal error:  Uncaught PDOException: SQLSTATE[42S22]: Column not found: 1054 Unknown column 'u.level' in 'field list' in C:\xampp\htdocs\pogopartyth-app-v1\api\raid\get_room.php:76
Stack trace:
#0 C:\xampp\htdocs\pogopartyth-app-v1\api\raid\get_room.php(76): PDOStatement->execute(Array)
#1 {main}
  thrown in C:\xampp\htdocs\pogopartyth-app-v1\api\raid\get_room.php on line 76
[02-Sep-2025 00:00:29 Asia/Bangkok] PHP Fatal error:  Uncaught PDOException: SQLSTATE[42S22]: Column not found: 1054 Unknown column 'u.level' in 'field list' in C:\xampp\htdocs\pogopartyth-app-v1\api\raid\get_room.php:76
Stack trace:
#0 C:\xampp\htdocs\pogopartyth-app-v1\api\raid\get_room.php(76): PDOStatement->execute(Array)
#1 {main}
  thrown in C:\xampp\htdocs\pogopartyth-app-v1\api\raid\get_room.php on line 76
[02-Sep-2025 00:00:31 Asia/Bangkok] PHP Fatal error:  Uncaught PDOException: SQLSTATE[42S22]: Column not found: 1054 Unknown column 'u.level' in 'field list' in C:\xampp\htdocs\pogopartyth-app-v1\api\raid\get_room.php:76
Stack trace:
#0 C:\xampp\htdocs\pogopartyth-app-v1\api\raid\get_room.php(76): PDOStatement->execute(Array)
#1 {main}
  thrown in C:\xampp\htdocs\pogopartyth-app-v1\api\raid\get_room.php on line 76
[02-Sep-2025 00:00:32 Asia/Bangkok] PHP Fatal error:  Uncaught PDOException: SQLSTATE[42S22]: Column not found: 1054 Unknown column 'u.level' in 'field list' in C:\xampp\htdocs\pogopartyth-app-v1\api\raid\get_room.php:76
Stack trace:
#0 C:\xampp\htdocs\pogopartyth-app-v1\api\raid\get_room.php(76): PDOStatement->execute(Array)
#1 {main}
  thrown in C:\xampp\htdocs\pogopartyth-app-v1\api\raid\get_room.php on line 76
[09-Sep-2025 23:26:45 Asia/Bangkok] PHP Fatal error:  Uncaught PDOException: SQLSTATE[42000]: Syntax error or access violation: 1064 You have an error in your SQL syntax; check the manual that corresponds to your MariaDB server version for the right syntax to use near 'WHERE id = '4'' at line 1 in C:\xampp\htdocs\pogopartyth-app-v1\api\auth\login.php:45
Stack trace:
#0 C:\xampp\htdocs\pogopartyth-app-v1\api\auth\login.php(45): PDOStatement->execute(Array)
#1 {main}
  thrown in C:\xampp\htdocs\pogopartyth-app-v1\api\auth\login.php on line 45
[09-Sep-2025 23:27:48 Asia/Bangkok] PHP Fatal error:  Uncaught PDOException: SQLSTATE[42000]: Syntax error or access violation: 1064 You have an error in your SQL syntax; check the manual that corresponds to your MariaDB server version for the right syntax to use near 'WHERE id = '4'' at line 1 in C:\xampp\htdocs\pogopartyth-app-v1\api\auth\login.php:38
Stack trace:
#0 C:\xampp\htdocs\pogopartyth-app-v1\api\auth\login.php(38): PDOStatement->execute(Array)
#1 {main}
  thrown in C:\xampp\htdocs\pogopartyth-app-v1\api\auth\login.php on line 38
[09-Sep-2025 23:28:47 Asia/Bangkok] PHP Fatal error:  Uncaught PDOException: SQLSTATE[42000]: Syntax error or access violation: 1064 You have an error in your SQL syntax; check the manual that corresponds to your MariaDB server version for the right syntax to use near 'WHERE id = '4'' at line 1 in C:\xampp\htdocs\pogopartyth-app-v1\api\auth\login.php:45
Stack trace:
#0 C:\xampp\htdocs\pogopartyth-app-v1\api\auth\login.php(45): PDOStatement->execute(Array)
#1 {main}
  thrown in C:\xampp\htdocs\pogopartyth-app-v1\api\auth\login.php on line 45
[09-Sep-2025 23:43:10 Asia/Bangkok] PHP Fatal error:  Uncaught PDOException: SQLSTATE[42000]: Syntax error or access violation: 1064 You have an error in your SQL syntax; check the manual that corresponds to your MariaDB server version for the right syntax to use near 'WHERE id = '4'' at line 1 in C:\xampp\htdocs\pogopartyth-app-v1\api\auth\login.php:48
Stack trace:
#0 C:\xampp\htdocs\pogopartyth-app-v1\api\auth\login.php(48): PDOStatement->execute(Array)
#1 {main}
  thrown in C:\xampp\htdocs\pogopartyth-app-v1\api\auth\login.php on line 48
[09-Sep-2025 23:43:53 Asia/Bangkok] PHP Fatal error:  Uncaught PDOException: SQLSTATE[42000]: Syntax error or access violation: 1064 You have an error in your SQL syntax; check the manual that corresponds to your MariaDB server version for the right syntax to use near 'WHERE id = '4'' at line 1 in C:\xampp\htdocs\pogopartyth-app-v1\api\auth\login.php:42
Stack trace:
#0 C:\xampp\htdocs\pogopartyth-app-v1\api\auth\login.php(42): PDOStatement->execute(Array)
#1 {main}
  thrown in C:\xampp\htdocs\pogopartyth-app-v1\api\auth\login.php on line 42
[09-Sep-2025 23:43:59 Asia/Bangkok] PHP Fatal error:  Uncaught PDOException: SQLSTATE[42000]: Syntax error or access violation: 1064 You have an error in your SQL syntax; check the manual that corresponds to your MariaDB server version for the right syntax to use near 'WHERE id = '4'' at line 1 in C:\xampp\htdocs\pogopartyth-app-v1\api\auth\login.php:42
Stack trace:
#0 C:\xampp\htdocs\pogopartyth-app-v1\api\auth\login.php(42): PDOStatement->execute(Array)
#1 {main}
  thrown in C:\xampp\htdocs\pogopartyth-app-v1\api\auth\login.php on line 42
[09-Sep-2025 23:45:22 Asia/Bangkok] PHP Fatal error:  Uncaught PDOException: SQLSTATE[42000]: Syntax error or access violation: 1064 You have an error in your SQL syntax; check the manual that corresponds to your MariaDB server version for the right syntax to use near 'WHERE id = '4'' at line 1 in C:\xampp\htdocs\pogopartyth-app-v1\api\auth\login.php:42
Stack trace:
#0 C:\xampp\htdocs\pogopartyth-app-v1\api\auth\login.php(42): PDOStatement->execute(Array)
#1 {main}
  thrown in C:\xampp\htdocs\pogopartyth-app-v1\api\auth\login.php on line 42
[09-Sep-2025 23:45:58 Asia/Bangkok] PHP Fatal error:  Uncaught PDOException: SQLSTATE[42000]: Syntax error or access violation: 1064 You have an error in your SQL syntax; check the manual that corresponds to your MariaDB server version for the right syntax to use near 'WHERE id = '4'' at line 1 in C:\xampp\htdocs\pogopartyth-app-v1\api\auth\login.php:40
Stack trace:
#0 C:\xampp\htdocs\pogopartyth-app-v1\api\auth\login.php(40): PDOStatement->execute(Array)
#1 {main}
  thrown in C:\xampp\htdocs\pogopartyth-app-v1\api\auth\login.php on line 40
[09-Sep-2025 23:46:57 Asia/Bangkok] PHP Fatal error:  Uncaught PDOException: SQLSTATE[42000]: Syntax error or access violation: 1064 You have an error in your SQL syntax; check the manual that corresponds to your MariaDB server version for the right syntax to use near 'WHERE id = '4'' at line 1 in C:\xampp\htdocs\pogopartyth-app-v1\api\auth\login.php:40
Stack trace:
#0 C:\xampp\htdocs\pogopartyth-app-v1\api\auth\login.php(40): PDOStatement->execute(Array)
#1 {main}
  thrown in C:\xampp\htdocs\pogopartyth-app-v1\api\auth\login.php on line 40
[15-Sep-2025 23:11:15 Asia/Bangkok] PHP Fatal error:  Uncaught PDOException: SQLSTATE[42S22]: Column not found: 1054 Unknown column 'r.id' in 'where clause' in C:\xampp\htdocs\pogopartyth-app-v1\api\raid\get_room.php:77
Stack trace:
#0 C:\xampp\htdocs\pogopartyth-app-v1\api\raid\get_room.php(77): PDOStatement->execute(Array)
#1 {main}
  thrown in C:\xampp\htdocs\pogopartyth-app-v1\api\raid\get_room.php on line 77
[15-Sep-2025 23:11:18 Asia/Bangkok] PHP Fatal error:  Uncaught PDOException: SQLSTATE[42S22]: Column not found: 1054 Unknown column 'r.id' in 'where clause' in C:\xampp\htdocs\pogopartyth-app-v1\api\raid\get_room.php:77
Stack trace:
#0 C:\xampp\htdocs\pogopartyth-app-v1\api\raid\get_room.php(77): PDOStatement->execute(Array)
#1 {main}
  thrown in C:\xampp\htdocs\pogopartyth-app-v1\api\raid\get_room.php on line 77
[15-Sep-2025 23:11:21 Asia/Bangkok] PHP Fatal error:  Uncaught PDOException: SQLSTATE[42S22]: Column not found: 1054 Unknown column 'r.id' in 'where clause' in C:\xampp\htdocs\pogopartyth-app-v1\api\raid\get_room.php:77
Stack trace:
#0 C:\xampp\htdocs\pogopartyth-app-v1\api\raid\get_room.php(77): PDOStatement->execute(Array)
#1 {main}
  thrown in C:\xampp\htdocs\pogopartyth-app-v1\api\raid\get_room.php on line 77
[15-Sep-2025 23:11:24 Asia/Bangkok] PHP Fatal error:  Uncaught PDOException: SQLSTATE[42S22]: Column not found: 1054 Unknown column 'r.id' in 'where clause' in C:\xampp\htdocs\pogopartyth-app-v1\api\raid\get_room.php:77
Stack trace:
#0 C:\xampp\htdocs\pogopartyth-app-v1\api\raid\get_room.php(77): PDOStatement->execute(Array)
#1 {main}
  thrown in C:\xampp\htdocs\pogopartyth-app-v1\api\raid\get_room.php on line 77
[15-Sep-2025 23:11:27 Asia/Bangkok] PHP Fatal error:  Uncaught PDOException: SQLSTATE[42S22]: Column not found: 1054 Unknown column 'r.id' in 'where clause' in C:\xampp\htdocs\pogopartyth-app-v1\api\raid\get_room.php:77
Stack trace:
#0 C:\xampp\htdocs\pogopartyth-app-v1\api\raid\get_room.php(77): PDOStatement->execute(Array)
#1 {main}
  thrown in C:\xampp\htdocs\pogopartyth-app-v1\api\raid\get_room.php on line 77
[15-Sep-2025 23:11:30 Asia/Bangkok] PHP Fatal error:  Uncaught PDOException: SQLSTATE[42S22]: Column not found: 1054 Unknown column 'r.id' in 'where clause' in C:\xampp\htdocs\pogopartyth-app-v1\api\raid\get_room.php:77
Stack trace:
#0 C:\xampp\htdocs\pogopartyth-app-v1\api\raid\get_room.php(77): PDOStatement->execute(Array)
#1 {main}
  thrown in C:\xampp\htdocs\pogopartyth-app-v1\api\raid\get_room.php on line 77
[15-Sep-2025 23:11:45 Asia/Bangkok] PHP Fatal error:  Uncaught PDOException: SQLSTATE[42S02]: Base table or view not found: 1146 Table 'pogopartyth_v1.cg' doesn't exist in C:\xampp\htdocs\pogopartyth-app-v1\api\raid\get_room.php:77
Stack trace:
#0 C:\xampp\htdocs\pogopartyth-app-v1\api\raid\get_room.php(77): PDOStatement->execute(Array)
#1 {main}
  thrown in C:\xampp\htdocs\pogopartyth-app-v1\api\raid\get_room.php on line 77
[15-Sep-2025 23:11:48 Asia/Bangkok] PHP Fatal error:  Uncaught PDOException: SQLSTATE[42S02]: Base table or view not found: 1146 Table 'pogopartyth_v1.cg' doesn't exist in C:\xampp\htdocs\pogopartyth-app-v1\api\raid\get_room.php:77
Stack trace:
#0 C:\xampp\htdocs\pogopartyth-app-v1\api\raid\get_room.php(77): PDOStatement->execute(Array)
#1 {main}
  thrown in C:\xampp\htdocs\pogopartyth-app-v1\api\raid\get_room.php on line 77
[15-Sep-2025 23:11:51 Asia/Bangkok] PHP Fatal error:  Uncaught PDOException: SQLSTATE[42S02]: Base table or view not found: 1146 Table 'pogopartyth_v1.แ้ฟพ' doesn't exist in C:\xampp\htdocs\pogopartyth-app-v1\api\raid\get_room.php:77
Stack trace:
#0 C:\xampp\htdocs\pogopartyth-app-v1\api\raid\get_room.php(77): PDOStatement->execute(Array)
#1 {main}
  thrown in C:\xampp\htdocs\pogopartyth-app-v1\api\raid\get_room.php on line 77
[15-Sep-2025 23:11:54 Asia/Bangkok] PHP Fatal error:  Uncaught PDOException: SQLSTATE[42S02]: Base table or view not found: 1146 Table 'pogopartyth_v1.แ้ฟพ' doesn't exist in C:\xampp\htdocs\pogopartyth-app-v1\api\raid\get_room.php:77
Stack trace:
#0 C:\xampp\htdocs\pogopartyth-app-v1\api\raid\get_room.php(77): PDOStatement->execute(Array)
#1 {main}
  thrown in C:\xampp\htdocs\pogopartyth-app-v1\api\raid\get_room.php on line 77
[15-Sep-2025 23:11:57 Asia/Bangkok] PHP Fatal error:  Uncaught PDOException: SQLSTATE[42000]: Syntax error or access violation: 1064 You have an error in your SQL syntax; check the manual that corresponds to your MariaDB server version for the right syntax to use near 'FROM user_raid_rooms ur
  JOIN users uu ON uu.id = ur.user_id
  WHERE ur.ro...' at line 9 in C:\xampp\htdocs\pogopartyth-app-v1\api\raid\get_room.php:76
Stack trace:
#0 C:\xampp\htdocs\pogopartyth-app-v1\api\raid\get_room.php(76): PDOStatement->execute(Array)
#1 {main}
  thrown in C:\xampp\htdocs\pogopartyth-app-v1\api\raid\get_room.php on line 76
[15-Sep-2025 23:12:00 Asia/Bangkok] PHP Fatal error:  Uncaught PDOException: SQLSTATE[42000]: Syntax error or access violation: 1064 You have an error in your SQL syntax; check the manual that corresponds to your MariaDB server version for the right syntax to use near 'FROM user_raid_rooms ur
  JOIN users uu ON uu.id = ur.user_id
  WHERE ur.ro...' at line 9 in C:\xampp\htdocs\pogopartyth-app-v1\api\raid\get_room.php:76
Stack trace:
#0 C:\xampp\htdocs\pogopartyth-app-v1\api\raid\get_room.php(76): PDOStatement->execute(Array)
#1 {main}
  thrown in C:\xampp\htdocs\pogopartyth-app-v1\api\raid\get_room.php on line 76
[16-Sep-2025 00:08:36 Asia/Bangkok] PHP Fatal error:  Uncaught PDOException: SQLSTATE[42000]: Syntax error or access violation: 1064 You have an error in your SQL syntax; check the manual that corresponds to your MariaDB server version for the right syntax to use near '\' OR u.friend_code LIKE :kw ESCAPE '\')' at line 1 in C:\xampp\htdocs\pogopartyth-app-v1\api\friends\search.php:43
Stack trace:
#0 C:\xampp\htdocs\pogopartyth-app-v1\api\friends\search.php(43): PDOStatement->execute(Array)
#1 {main}
  thrown in C:\xampp\htdocs\pogopartyth-app-v1\api\friends\search.php on line 43
[16-Sep-2025 00:08:46 Asia/Bangkok] PHP Fatal error:  Uncaught PDOException: SQLSTATE[42000]: Syntax error or access violation: 1064 You have an error in your SQL syntax; check the manual that corresponds to your MariaDB server version for the right syntax to use near '\' OR u.friend_code LIKE :kw ESCAPE '\')' at line 1 in C:\xampp\htdocs\pogopartyth-app-v1\api\friends\search.php:43
Stack trace:
#0 C:\xampp\htdocs\pogopartyth-app-v1\api\friends\search.php(43): PDOStatement->execute(Array)
#1 {main}
  thrown in C:\xampp\htdocs\pogopartyth-app-v1\api\friends\search.php on line 43
[16-Sep-2025 00:25:26 Asia/Bangkok] PHP Fatal error:  Uncaught PDOException: SQLSTATE[42000]: Syntax error or access violation: 1064 You have an error in your SQL syntax; check the manual that corresponds to your MariaDB server version for the right syntax to use near '\' OR u.friend_code LIKE :kw ESCAPE '\')' at line 1 in C:\xampp\htdocs\pogopartyth-app-v1\api\friends\search.php:43
Stack trace:
#0 C:\xampp\htdocs\pogopartyth-app-v1\api\friends\search.php(43): PDOStatement->execute(Array)
#1 {main}
  thrown in C:\xampp\htdocs\pogopartyth-app-v1\api\friends\search.php on line 43
[16-Sep-2025 00:25:31 Asia/Bangkok] PHP Fatal error:  Uncaught PDOException: SQLSTATE[42000]: Syntax error or access violation: 1064 You have an error in your SQL syntax; check the manual that corresponds to your MariaDB server version for the right syntax to use near '\' OR u.friend_code LIKE :kw ESCAPE '\')' at line 1 in C:\xampp\htdocs\pogopartyth-app-v1\api\friends\search.php:43
Stack trace:
#0 C:\xampp\htdocs\pogopartyth-app-v1\api\friends\search.php(43): PDOStatement->execute(Array)
#1 {main}
  thrown in C:\xampp\htdocs\pogopartyth-app-v1\api\friends\search.php on line 43
[16-Sep-2025 00:25:33 Asia/Bangkok] PHP Fatal error:  Uncaught PDOException: SQLSTATE[42000]: Syntax error or access violation: 1064 You have an error in your SQL syntax; check the manual that corresponds to your MariaDB server version for the right syntax to use near '\' OR u.friend_code LIKE :kw ESCAPE '\')' at line 1 in C:\xampp\htdocs\pogopartyth-app-v1\api\friends\search.php:43
Stack trace:
#0 C:\xampp\htdocs\pogopartyth-app-v1\api\friends\search.php(43): PDOStatement->execute(Array)
#1 {main}
  thrown in C:\xampp\htdocs\pogopartyth-app-v1\api\friends\search.php on line 43
[16-Sep-2025 00:25:39 Asia/Bangkok] PHP Fatal error:  Uncaught PDOException: SQLSTATE[42000]: Syntax error or access violation: 1064 You have an error in your SQL syntax; check the manual that corresponds to your MariaDB server version for the right syntax to use near '\' OR u.friend_code LIKE :kw ESCAPE '\')' at line 1 in C:\xampp\htdocs\pogopartyth-app-v1\api\friends\search.php:43
Stack trace:
#0 C:\xampp\htdocs\pogopartyth-app-v1\api\friends\search.php(43): PDOStatement->execute(Array)
#1 {main}
  thrown in C:\xampp\htdocs\pogopartyth-app-v1\api\friends\search.php on line 43
[16-Sep-2025 00:25:41 Asia/Bangkok] PHP Fatal error:  Uncaught PDOException: SQLSTATE[42000]: Syntax error or access violation: 1064 You have an error in your SQL syntax; check the manual that corresponds to your MariaDB server version for the right syntax to use near '\' OR u.friend_code LIKE :kw ESCAPE '\')' at line 1 in C:\xampp\htdocs\pogopartyth-app-v1\api\friends\search.php:43
Stack trace:
#0 C:\xampp\htdocs\pogopartyth-app-v1\api\friends\search.php(43): PDOStatement->execute(Array)
#1 {main}
  thrown in C:\xampp\htdocs\pogopartyth-app-v1\api\friends\search.php on line 43
[16-Sep-2025 00:25:43 Asia/Bangkok] PHP Fatal error:  Uncaught PDOException: SQLSTATE[42000]: Syntax error or access violation: 1064 You have an error in your SQL syntax; check the manual that corresponds to your MariaDB server version for the right syntax to use near '\' OR u.friend_code LIKE :kw ESCAPE '\')' at line 1 in C:\xampp\htdocs\pogopartyth-app-v1\api\friends\search.php:43
Stack trace:
#0 C:\xampp\htdocs\pogopartyth-app-v1\api\friends\search.php(43): PDOStatement->execute(Array)
#1 {main}
  thrown in C:\xampp\htdocs\pogopartyth-app-v1\api\friends\search.php on line 43
[16-Sep-2025 00:25:44 Asia/Bangkok] PHP Fatal error:  Uncaught PDOException: SQLSTATE[42000]: Syntax error or access violation: 1064 You have an error in your SQL syntax; check the manual that corresponds to your MariaDB server version for the right syntax to use near '\' OR u.friend_code LIKE :kw ESCAPE '\')' at line 1 in C:\xampp\htdocs\pogopartyth-app-v1\api\friends\search.php:43
Stack trace:
#0 C:\xampp\htdocs\pogopartyth-app-v1\api\friends\search.php(43): PDOStatement->execute(Array)
#1 {main}
  thrown in C:\xampp\htdocs\pogopartyth-app-v1\api\friends\search.php on line 43
[16-Sep-2025 00:26:25 Asia/Bangkok] PHP Fatal error:  Uncaught PDOException: SQLSTATE[42000]: Syntax error or access violation: 1064 You have an error in your SQL syntax; check the manual that corresponds to your MariaDB server version for the right syntax to use near '\' OR u.friend_code LIKE :kw ESCAPE '\')' at line 1 in C:\xampp\htdocs\pogopartyth-app-v1\api\friends\search.php:43
Stack trace:
#0 C:\xampp\htdocs\pogopartyth-app-v1\api\friends\search.php(43): PDOStatement->execute(Array)
#1 {main}
  thrown in C:\xampp\htdocs\pogopartyth-app-v1\api\friends\search.php on line 43
[19-Sep-2025 00:50:43 Asia/Bangkok] PHP Warning:  mail(): Failed to connect to mailserver at &quot;localhost&quot; port 25, verify your &quot;SMTP&quot; and &quot;smtp_port&quot; setting in php.ini or use ini_set() in C:\xampp\htdocs\pogopartyth-app-v1\api\auth\send_email_otp.php on line 78
[19-Sep-2025 00:51:03 Asia/Bangkok] PHP Warning:  mail(): Failed to connect to mailserver at &quot;localhost&quot; port 25, verify your &quot;SMTP&quot; and &quot;smtp_port&quot; setting in php.ini or use ini_set() in C:\xampp\htdocs\pogopartyth-app-v1\api\auth\send_email_otp.php on line 78
[19-Sep-2025 00:53:12 Asia/Bangkok] PHP Warning:  mail(): Failed to connect to mailserver at &quot;localhost&quot; port 25, verify your &quot;SMTP&quot; and &quot;smtp_port&quot; setting in php.ini or use ini_set() in C:\xampp\htdocs\pogopartyth-app-v1\api\auth\send_email_otp.php on line 78
[19-Sep-2025 00:56:04 Asia/Bangkok] PHP Warning:  mail(): Failed to connect to mailserver at &quot;localhost&quot; port 25, verify your &quot;SMTP&quot; and &quot;smtp_port&quot; setting in php.ini or use ini_set() in C:\xampp\htdocs\pogopartyth-app-v1\api\auth\send_email_otp.php on line 78
[19-Sep-2025 01:10:36 Asia/Bangkok] [mail()] failed to Kensaohin@gmail.com subj='รหัสยืนยันอีเมลของคุณ (OTP) - PokoPartyTH'
[20-Sep-2025 10:28:16 Asia/Bangkok] [mail()] failed to Kensaohin@gmail.com subj='รหัสยืนยันอีเมลของคุณ (OTP) - PokoPartyTH'
[20-Sep-2025 10:54:31 Asia/Bangkok] PHP Warning:  require_once(C:\xampp\htdocs\pogopartyth-app-v1/vendor/autoload.php): Failed to open stream: No such file or directory in C:\xampp\htdocs\pogopartyth-app-v1\api\auth\send_email_otp.php on line 7
[20-Sep-2025 10:54:31 Asia/Bangkok] PHP Fatal error:  Uncaught Error: Failed opening required 'C:\xampp\htdocs\pogopartyth-app-v1/vendor/autoload.php' (include_path='C:\xampp\php\PEAR') in C:\xampp\htdocs\pogopartyth-app-v1\api\auth\send_email_otp.php:7
Stack trace:
#0 {main}
  thrown in C:\xampp\htdocs\pogopartyth-app-v1\api\auth\send_email_otp.php on line 7
[20-Sep-2025 10:59:28 Asia/Bangkok] PHP Warning:  require_once(C:\xampp\htdocs\pogopartyth-app-v1/../vendor/autoload.php): Failed to open stream: No such file or directory in C:\xampp\htdocs\pogopartyth-app-v1\api\auth\send_email_otp.php on line 9
[20-Sep-2025 10:59:28 Asia/Bangkok] PHP Fatal error:  Uncaught Error: Failed opening required 'C:\xampp\htdocs\pogopartyth-app-v1/../vendor/autoload.php' (include_path='C:\xampp\php\PEAR') in C:\xampp\htdocs\pogopartyth-app-v1\api\auth\send_email_otp.php:9
Stack trace:
#0 {main}
  thrown in C:\xampp\htdocs\pogopartyth-app-v1\api\auth\send_email_otp.php on line 9
[20-Sep-2025 11:02:39 Asia/Bangkok] PHP Warning:  require_once(C:\xampp\htdocs\pogopartyth-app-v1/../vendor/autoload.php): Failed to open stream: No such file or directory in C:\xampp\htdocs\pogopartyth-app-v1\api\auth\send_email_otp.php on line 9
[20-Sep-2025 11:02:39 Asia/Bangkok] PHP Fatal error:  Uncaught Error: Failed opening required 'C:\xampp\htdocs\pogopartyth-app-v1/../vendor/autoload.php' (include_path='C:\xampp\php\PEAR') in C:\xampp\htdocs\pogopartyth-app-v1\api\auth\send_email_otp.php:9
Stack trace:
#0 {main}
  thrown in C:\xampp\htdocs\pogopartyth-app-v1\api\auth\send_email_otp.php on line 9
[20-Sep-2025 11:02:41 Asia/Bangkok] PHP Warning:  require_once(C:\xampp\htdocs\pogopartyth-app-v1/../vendor/autoload.php): Failed to open stream: No such file or directory in C:\xampp\htdocs\pogopartyth-app-v1\api\auth\send_email_otp.php on line 9
[20-Sep-2025 11:02:41 Asia/Bangkok] PHP Fatal error:  Uncaught Error: Failed opening required 'C:\xampp\htdocs\pogopartyth-app-v1/../vendor/autoload.php' (include_path='C:\xampp\php\PEAR') in C:\xampp\htdocs\pogopartyth-app-v1\api\auth\send_email_otp.php:9
Stack trace:
#0 {main}
  thrown in C:\xampp\htdocs\pogopartyth-app-v1\api\auth\send_email_otp.php on line 9
[20-Sep-2025 11:04:06 Asia/Bangkok] PHP Fatal error:  Uncaught ErrorException: mkdir(): File exists in C:\xampp\htdocs\pogopartyth-app-v1\api\helpers.php:11
Stack trace:
#0 [internal function]: {closure}(2, 'mkdir(): File e...', 'C:\\xampp\\htdocs...', 11)
#1 C:\xampp\htdocs\pogopartyth-app-v1\api\helpers.php(11): mkdir('C:\\xampp\\htdocs...', 511, true)
#2 C:\xampp\htdocs\pogopartyth-app-v1\api\auth\send_email_otp.php(21): require_once('C:\\xampp\\htdocs...')
#3 {main}
  thrown in C:\xampp\htdocs\pogopartyth-app-v1\api\helpers.php on line 11
[20-Sep-2025 11:14:46 Asia/Bangkok] PHP Warning:  require_once(C:\xampp\htdocs\pogopartyth-app-v1/../vendor/autoload.php): Failed to open stream: No such file or directory in C:\xampp\htdocs\pogopartyth-app-v1\api\auth\send_email_otp.php on line 7
[20-Sep-2025 11:14:46 Asia/Bangkok] PHP Fatal error:  Uncaught Error: Failed opening required 'C:\xampp\htdocs\pogopartyth-app-v1/../vendor/autoload.php' (include_path='C:\xampp\php\PEAR') in C:\xampp\htdocs\pogopartyth-app-v1\api\auth\send_email_otp.php:7
Stack trace:
#0 {main}
  thrown in C:\xampp\htdocs\pogopartyth-app-v1\api\auth\send_email_otp.php on line 7
[07-Oct-2025 10:51:32 Asia/Bangkok] PHP Fatal error:  Uncaught PDOException: SQLSTATE[42S02]: Base table or view not found: 1146 Table 'pogopartyth_v1.raid_boss' doesn't exist in C:\xampp\htdocs\Pogopartyth-app-v2\api\raid\list.php:137
Stack trace:
#0 C:\xampp\htdocs\Pogopartyth-app-v2\api\raid\list.php(137): PDOStatement->execute()
#1 {main}
  thrown in C:\xampp\htdocs\Pogopartyth-app-v2\api\raid\list.php on line 137
[07-Oct-2025 10:51:32 Asia/Bangkok] PHP Fatal error:  Uncaught PDOException: SQLSTATE[42S02]: Base table or view not found: 1146 Table 'pogopartyth_v1.raid_boss' doesn't exist in C:\xampp\htdocs\Pogopartyth-app-v2\api\raid\list.php:137
Stack trace:
#0 C:\xampp\htdocs\Pogopartyth-app-v2\api\raid\list.php(137): PDOStatement->execute()
#1 {main}
  thrown in C:\xampp\htdocs\Pogopartyth-app-v2\api\raid\list.php on line 137
[07-Oct-2025 10:53:23 Asia/Bangkok] PHP Fatal error:  Uncaught PDOException: SQLSTATE[42S02]: Base table or view not found: 1146 Table 'pogopartyth_v1.raid_boss' doesn't exist in C:\xampp\htdocs\Pogopartyth-app-v2\api\raid\list.php:137
Stack trace:
#0 C:\xampp\htdocs\Pogopartyth-app-v2\api\raid\list.php(137): PDOStatement->execute()
#1 {main}
  thrown in C:\xampp\htdocs\Pogopartyth-app-v2\api\raid\list.php on line 137
[07-Oct-2025 10:53:23 Asia/Bangkok] PHP Fatal error:  Uncaught PDOException: SQLSTATE[42S02]: Base table or view not found: 1146 Table 'pogopartyth_v1.raid_boss' doesn't exist in C:\xampp\htdocs\Pogopartyth-app-v2\api\raid\list.php:137
Stack trace:
#0 C:\xampp\htdocs\Pogopartyth-app-v2\api\raid\list.php(137): PDOStatement->execute()
#1 {main}
  thrown in C:\xampp\htdocs\Pogopartyth-app-v2\api\raid\list.php on line 137
[07-Oct-2025 10:54:01 Asia/Bangkok] PHP Fatal error:  Uncaught PDOException: SQLSTATE[42S22]: Column not found: 1054 Unknown column 'rv.room_id' in 'where clause' in C:\xampp\htdocs\Pogopartyth-app-v2\api\raid\my_rooms.php:39
Stack trace:
#0 C:\xampp\htdocs\Pogopartyth-app-v2\api\raid\my_rooms.php(39): PDOStatement->execute(Array)
#1 {main}
  thrown in C:\xampp\htdocs\Pogopartyth-app-v2\api\raid\my_rooms.php on line 39
[07-Oct-2025 10:54:01 Asia/Bangkok] PHP Fatal error:  Uncaught PDOException: SQLSTATE[42S22]: Column not found: 1054 Unknown column 'rv.room_id' in 'where clause' in C:\xampp\htdocs\Pogopartyth-app-v2\api\raid\my_rooms.php:39
Stack trace:
#0 C:\xampp\htdocs\Pogopartyth-app-v2\api\raid\my_rooms.php(39): PDOStatement->execute(Array)
#1 {main}
  thrown in C:\xampp\htdocs\Pogopartyth-app-v2\api\raid\my_rooms.php on line 39
[07-Oct-2025 10:54:02 Asia/Bangkok] PHP Fatal error:  Uncaught PDOException: SQLSTATE[42S02]: Base table or view not found: 1146 Table 'pogopartyth_v1.raid_boss' doesn't exist in C:\xampp\htdocs\Pogopartyth-app-v2\api\raid_boss\get_raid_boss.php:42
Stack trace:
#0 C:\xampp\htdocs\Pogopartyth-app-v2\api\raid_boss\get_raid_boss.php(42): PDOStatement->execute(Array)
#1 {main}
  thrown in C:\xampp\htdocs\Pogopartyth-app-v2\api\raid_boss\get_raid_boss.php on line 42
[07-Oct-2025 10:54:02 Asia/Bangkok] PHP Fatal error:  Uncaught PDOException: SQLSTATE[42S02]: Base table or view not found: 1146 Table 'pogopartyth_v1.raid_boss' doesn't exist in C:\xampp\htdocs\Pogopartyth-app-v2\api\raid_boss\get_raid_boss.php:42
Stack trace:
#0 C:\xampp\htdocs\Pogopartyth-app-v2\api\raid_boss\get_raid_boss.php(42): PDOStatement->execute(Array)
#1 {main}
  thrown in C:\xampp\htdocs\Pogopartyth-app-v2\api\raid_boss\get_raid_boss.php on line 42
[07-Oct-2025 10:54:04 Asia/Bangkok] PHP Fatal error:  Uncaught PDOException: SQLSTATE[42S02]: Base table or view not found: 1146 Table 'pogopartyth_v1.raid_boss' doesn't exist in C:\xampp\htdocs\Pogopartyth-app-v2\api\raid\list.php:137
Stack trace:
#0 C:\xampp\htdocs\Pogopartyth-app-v2\api\raid\list.php(137): PDOStatement->execute()
#1 {main}
  thrown in C:\xampp\htdocs\Pogopartyth-app-v2\api\raid\list.php on line 137
[07-Oct-2025 10:54:05 Asia/Bangkok] PHP Fatal error:  Uncaught PDOException: SQLSTATE[42S02]: Base table or view not found: 1146 Table 'pogopartyth_v1.raid_boss' doesn't exist in C:\xampp\htdocs\Pogopartyth-app-v2\api\raid_boss\get_raid_boss.php:42
Stack trace:
#0 C:\xampp\htdocs\Pogopartyth-app-v2\api\raid_boss\get_raid_boss.php(42): PDOStatement->execute(Array)
#1 {main}
  thrown in C:\xampp\htdocs\Pogopartyth-app-v2\api\raid_boss\get_raid_boss.php on line 42
[17-Oct-2025 17:35:13 Asia/Bangkok] PHP Warning:  Undefined array key "rb_cp_normal_min" in C:\xampp\htdocs\Pogopartyth-app-v2\api\raid\get_room.php on line 57
[17-Oct-2025 17:35:13 Asia/Bangkok] PHP Warning:  Undefined array key "rb_cp_boost_min" in C:\xampp\htdocs\Pogopartyth-app-v2\api\raid\get_room.php on line 57
[17-Oct-2025 17:35:16 Asia/Bangkok] PHP Warning:  Undefined array key "rb_cp_normal_min" in C:\xampp\htdocs\Pogopartyth-app-v2\api\raid\get_room.php on line 57
[17-Oct-2025 17:35:16 Asia/Bangkok] PHP Warning:  Undefined array key "rb_cp_boost_min" in C:\xampp\htdocs\Pogopartyth-app-v2\api\raid\get_room.php on line 57
